<?xml version="1.0" encoding="utf-8"?><testsuites name="pytest tests"><testsuite name="pytest" errors="0" failures="0" skipped="0" tests="22" time="3.668" timestamp="2026-06-09T10:40:17.334864+00:00" hostname="agent-env-72222102-db3b-4f16-8368-0c2cd306c489"><testcase classname="backend.tests.backend_test.TestPublic" name="test_root" time="0.266" /><testcase classname="backend.tests.backend_test.TestPublic" name="test_settings" time="0.050" /><testcase classname="backend.tests.backend_test.TestPublic" name="test_packages_all" time="0.048" /><testcase classname="backend.tests.backend_test.TestPublic" name="test_packages_filter_category" time="0.049" /><testcase classname="backend.tests.backend_test.TestPublic" name="test_package_by_id" time="0.099" /><testcase classname="backend.tests.backend_test.TestPublic" name="test_package_not_found" time="0.047" /><testcase classname="backend.tests.backend_test.TestPublic" name="test_gallery_all" time="0.051" /><testcase classname="backend.tests.backend_test.TestPublic" name="test_gallery_filter" time="0.053" /><testcase classname="backend.tests.backend_test.TestPublic" name="test_testimonials" time="0.048" /><testcase classname="backend.tests.backend_test.TestPublic" name="test_create_lead" time="0.080" /><testcase classname="backend.tests.backend_test.TestAuth" name="test_login_success" time="0.273" /><testcase classname="backend.tests.backend_test.TestAuth" name="test_login_invalid" time="0.274" /><testcase classname="backend.tests.backend_test.TestAuth" name="test_me_with_bearer" time="0.324" /><testcase classname="backend.tests.backend_test.TestAuth" name="test_admin_requires_auth" time="0.138" /><testcase classname="backend.tests.backend_test.TestAdminPackages" name="test_list" time="0.051" /><testcase classname="backend.tests.backend_test.TestAdminPackages" name="test_crud_flow" time="0.376" /><testcase classname="backend.tests.backend_test.TestAdminLeads" name="test_list_and_filter" time="0.197" /><testcase classname="backend.tests.backend_test.TestAdminLeads" name="test_status_update_and_delete" time="0.194" /><testcase classname="backend.tests.backend_test.TestAdminTestimonials" name="test_crud" time="0.149" /><testcase classname="backend.tests.backend_test.TestAdminGallery" name="test_crud" time="0.149" /><testcase classname="backend.tests.backend_test.TestUpload" name="test_upload_and_serve" time="0.611" /><testcase classname="backend.tests.backend_test.TestAnalytics" name="test_analytics" time="0.052" /></testsuite></testsuites>